<?xml version="1.0" encoding="UTF-8"?>
<!-- Generated by org.testng.reporters.JUnitReportReporter -->
<testsuite hostname="Nemi" failures="0" tests="4" name="testng.ThreadPoolTime" time="18.184" errors="0" timestamp="2025-04-23T15:17:40 IST" skipped="0">
  <testcase classname="testng.ThreadPoolTime" name="register" time="5.633">
    <system-out>
      <![CDATA[reg testcase executed]]>
    </system-out>
  </testcase> <!-- register -->
  <testcase classname="testng.ThreadPoolTime" name="register" time="5.668">
    <system-out>
      <![CDATA[reg testcase executed]]>
    </system-out>
  </testcase> <!-- register -->
  <testcase classname="testng.ThreadPoolTime" name="login" time="4.378">
    <system-out>
      <![CDATA[login testcase executed]]>
    </system-out>
  </testcase> <!-- login -->
  <testcase classname="testng.ThreadPoolTime" name="login" time="2.505">
    <system-out>
      <![CDATA[login testcase executed]]>
    </system-out>
  </testcase> <!-- login -->
  <system-out>
    <![CDATA[reg testcase executed
reg testcase executed
login testcase executed
login testcase executed]]>
  </system-out>
</testsuite> <!-- testng.ThreadPoolTime -->
