<?xml version="1.0" encoding="UTF-8"?>
<!-- Generated by org.testng.reporters.JUnitReportReporter -->
<testsuite hostname="Nemi" failures="0" tests="1" name="testng.TestScript" time="7.482" errors="0" timestamp="2025-04-26T15:59:52 IST" skipped="0">
  <testcase classname="testng.TestScript" name="clickonBooks" time="7.482">
    <system-out>
      <![CDATA[Books page is displayed]]>
    </system-out>
  </testcase> <!-- clickonBooks -->
  <system-out>
    <![CDATA[Electronics page is displayed
Computers page is displayed
Books page is displayed]]>
  </system-out>
</testsuite> <!-- testng.TestScript -->
