<?xml version="1.0" encoding="UTF-8"?>
<!-- Generated by org.testng.reporters.JUnitReportReporter -->
<testsuite hostname="Nemi" failures="0" tests="1" name="testng.Ferrari" time="3.100" errors="0" timestamp="2025-04-26T15:58:49 IST" skipped="0">
  <testcase classname="testng.Ferrari" name="launch" time="3.100">
    <system-out>
      <![CDATA[Ferrari launched]]>
    </system-out>
  </testcase> <!-- launch -->
  <system-out>
    <![CDATA[Tata launched
Ferrari launched
Bmw launched]]>
  </system-out>
</testsuite> <!-- testng.Ferrari -->
