<?xml version="1.0" encoding="UTF-8"?>
<!-- Generated by org.testng.reporters.JUnitReportReporter -->
<testsuite hostname="Nemi" failures="0" tests="3" name="testng.AnnotationAttributes" time="16.022" errors="0" timestamp="2025-04-23T14:58:38 IST" skipped="0">
  <testcase classname="testng.AnnotationAttributes" name="register" time="8.481">
    <system-out>
      <![CDATA[reg testcase executed]]>
    </system-out>
  </testcase> <!-- register -->
  <testcase classname="testng.AnnotationAttributes" name="login" time="3.765">
    <system-out>
      <![CDATA[login testcase executed]]>
    </system-out>
  </testcase> <!-- login -->
  <testcase classname="testng.AnnotationAttributes" name="login" time="3.776">
    <system-out>
      <![CDATA[login testcase executed]]>
    </system-out>
  </testcase> <!-- login -->
  <system-out>
    <![CDATA[reg testcase executed
login testcase executed
login testcase executed]]>
  </system-out>
</testsuite> <!-- testng.AnnotationAttributes -->
