<?xml version="1.0" encoding="UTF-8"?>
<!-- Generated by org.testng.reporters.JUnitReportReporter -->
<testsuite hostname="Nemi" failures="0" tests="1" name="testng.ConfigurationAnnotations" time="0.009" errors="0" timestamp="2025-06-12T12:33:19 IST" skipped="0">
  <testcase classname="testng.ConfigurationAnnotations" name="demo" time="0.009">
    <system-out>
      <![CDATA[@Test(demo) executed]]>
    </system-out>
  </testcase> <!-- demo -->
  <system-out>
    <![CDATA[@Beforesuite
@BeforeTest
@BeforeCless
@BeforeMethod
@Test(demo) executed
@AfterMethod
@AfterClass
@AfterTest
@AfterSuite]]>
  </system-out>
</testsuite> <!-- testng.ConfigurationAnnotations -->
