<?xml version="1.0" encoding="UTF-8"?>
<!-- Generated by org.testng.reporters.JUnitReportReporter -->
<testsuite hostname="Nemi" failures="0" tests="6" name="assignment.DataProviderassignment" time="46.961" errors="0" timestamp="2025-04-30T13:16:16 IST" skipped="0">
  <testcase classname="assignment.DataProviderassignment" name="register" time="9.107"/>
  <testcase classname="assignment.DataProviderassignment" name="register" time="6.133"/>
  <testcase classname="assignment.DataProviderassignment" name="register" time="7.602"/>
  <testcase classname="assignment.DataProviderassignment" name="register" time="6.290"/>
  <testcase classname="assignment.DataProviderassignment" name="register" time="5.361"/>
  <testcase classname="assignment.DataProviderassignment" name="register" time="12.468"/>
</testsuite> <!-- assignment.DataProviderassignment -->
