<?xml version="1.0" encoding="UTF-8"?>
<!-- Generated by org.testng.reporters.JUnitReportReporter -->
<testsuite hostname="Nemi" failures="0" tests="2" name="testng.Dependsonmethods" time="8.373" errors="0" timestamp="2025-04-23T15:34:45 IST" skipped="0">
  <testcase classname="testng.Dependsonmethods" name="login" time="3.776">
    <system-out>
      <![CDATA[login testcase executed]]>
    </system-out>
  </testcase> <!-- login -->
  <testcase classname="testng.Dependsonmethods" name="register" time="4.597">
    <system-out>
      <![CDATA[reg testcase executed]]>
    </system-out>
  </testcase> <!-- register -->
  <system-out>
    <![CDATA[reg testcase executed
login testcase executed]]>
  </system-out>
</testsuite> <!-- testng.Dependsonmethods -->
