<?xml version="1.0" encoding="UTF-8"?>
<!-- Generated by org.testng.reporters.JUnitReportReporter -->
<testsuite hostname="Nemi" failures="0" tests="1" name="practices.TestScriptForClickOnComputers" time="2.557" errors="0" timestamp="2025-06-13T13:53:42 IST" skipped="0">
  <testcase classname="practices.TestScriptForClickOnComputers" name="clickoncomputer" time="2.557">
    <system-out>
      <![CDATA[computer page is not displayed]]>
    </system-out>
  </testcase> <!-- clickoncomputer -->
  <system-out>
    <![CDATA[computer page is not displayed]]>
  </system-out>
</testsuite> <!-- practices.TestScriptForClickOnComputers -->
