<?xml version="1.0" encoding="UTF-8"?>
<!-- Generated by org.testng.reporters.JUnitReportReporter -->
<testsuite hostname="Nemi" failures="0" tests="2" name="testng.Enabled" time="4.840" errors="0" timestamp="2025-04-23T15:29:01 IST" skipped="1">
  <testcase classname="testng.Enabled" name="register" time="4.840">
    <system-out>
      <![CDATA[reg testcase executed]]>
    </system-out>
  </testcase> <!-- register -->
  <testcase classname="testng.Enabled" name="login">
    <skipped/>
  </testcase> <!-- login -->
  <system-out>
    <![CDATA[reg testcase executed]]>
  </system-out>
</testsuite> <!-- testng.Enabled -->
