<?xml version="1.0" encoding="UTF-8"?>
<!-- Generated by org.testng.reporters.JUnitReportReporter -->
<testsuite hostname="Nemi" failures="0" tests="1" name="testng.Tata" time="4.136" errors="0" timestamp="2025-04-26T15:58:49 IST" skipped="0">
  <testcase classname="testng.Tata" name="launch" time="4.136">
    <system-out>
      <![CDATA[Tata launched]]>
    </system-out>
  </testcase> <!-- launch -->
  <system-out>
    <![CDATA[Tata launched
Ferrari launched
Bmw launched]]>
  </system-out>
</testsuite> <!-- testng.Tata -->
