<?xml version="1.0" encoding="UTF-8"?>
<!-- Generated by org.testng.reporters.JUnitReportReporter -->
<testsuite hostname="Nemi" failures="0" tests="1" name="testng.TestScript3" time="5.598" errors="0" timestamp="2025-04-26T16:33:12 IST" skipped="0">
  <testcase classname="testng.TestScript3" name="clickonElectronics" time="5.598">
    <system-out>
      <![CDATA[Electronics page is displayed]]>
    </system-out>
  </testcase> <!-- clickonElectronics -->
  <system-out>
    <![CDATA[Electronics page is displayed]]>
  </system-out>
</testsuite> <!-- testng.TestScript3 -->
