<?xml version="1.0" encoding="UTF-8"?>
<!-- Generated by org.testng.reporters.JUnitReportReporter -->
<testsuite hostname="Nemi" failures="0" tests="1" name="practices.ConfigurationAnnotations" time="0.019" errors="0" timestamp="2025-06-13T12:52:59 IST" skipped="0">
  <testcase classname="practices.ConfigurationAnnotations" name="demo" time="0.019">
    <system-out>
      <![CDATA[@test(DEMO)executed]]>
    </system-out>
  </testcase> <!-- demo -->
  <system-out>
    <![CDATA[@BeforeSuite
@BeforeTest
@test(DEMO)executed
@AfterTest
@AfterSuite]]>
  </system-out>
</testsuite> <!-- practices.ConfigurationAnnotations -->
