<?xml version="1.0" encoding="UTF-8"?>
<!-- Generated by org.testng.reporters.JUnitReportReporter -->
<testsuite hostname="Nemi" failures="0" tests="2" name="testng.Sample" time="19.689" errors="0" timestamp="2025-04-22T16:02:40 IST" skipped="0">
  <testcase classname="testng.Sample" name="register" time="16.196">
    <system-out>
      <![CDATA[reg testcase executed]]>
    </system-out>
  </testcase> <!-- register -->
  <testcase classname="testng.Sample" name="login" time="3.493">
    <system-out>
      <![CDATA[login testcase executed]]>
    </system-out>
  </testcase> <!-- login -->
  <system-out>
    <![CDATA[reg testcase executed
login testcase executed]]>
  </system-out>
</testsuite> <!-- testng.Sample -->
