<?xml version="1.0" encoding="UTF-8"?>
<!-- Generated by org.testng.reporters.JUnitReportReporter -->
<testsuite hostname="Nemi" failures="0" tests="4" name="dataprovider.ToLearnDataProvider" time="16.256" errors="0" timestamp="2025-04-29T16:07:07 IST" skipped="0">
  <testcase classname="dataprovider.ToLearnDataProvider" name="login" time="2.306"/>
  <testcase classname="dataprovider.ToLearnDataProvider" name="login" time="9.569"/>
  <testcase classname="dataprovider.ToLearnDataProvider" name="login" time="2.209"/>
  <testcase classname="dataprovider.ToLearnDataProvider" name="login" time="2.172"/>
</testsuite> <!-- dataprovider.ToLearnDataProvider -->
